This file contains any messages produced by compilers while
running configure, to aid debugging if configure makes a mistake.

It was created by util-macros configure 1.19.3, which was
generated by GNU Autoconf 2.69.  Invocation command line was

  $ ./configure 

## --------- ##
## Platform. ##
## --------- ##

hostname = TheDesktopOfZi-Tong
uname -m = x86_64
uname -r = 5.15.0-60-generic
uname -s = Linux
uname -v = #66-Ubuntu SMP Fri Jan 20 14:29:49 UTC 2023

/usr/bin/uname -p = x86_64
/bin/uname -X     = unknown

/bin/arch              = x86_64
/usr/bin/arch -k       = unknown
/usr/convex/getsysinfo = unknown
/usr/bin/hostinfo      = unknown
/bin/machine           = unknown
/usr/bin/oslevel       = unknown
/bin/universe          = unknown

PATH: /usr/local/sbin
PATH: /usr/local/bin
PATH: /usr/sbin
PATH: /usr/bin
PATH: /sbin
PATH: /bin
PATH: /usr/games
PATH: /usr/local/games
PATH: /snap/bin
PATH: /snap/bin


## ----------- ##
## Core tests. ##
## ----------- ##

configure:1768: checking for a BSD-compatible install
configure:1836: result: /usr/bin/install -c
configure:1847: checking whether build environment is sane
configure:1902: result: yes
configure:2053: checking for a thread-safe mkdir -p
configure:2092: result: /usr/bin/mkdir -p
configure:2099: checking for gawk
configure:2129: result: no
configure:2099: checking for mawk
configure:2115: found /usr/bin/mawk
configure:2126: result: mawk
configure:2137: checking whether make sets $(MAKE)
configure:2159: result: yes
configure:2188: checking whether make supports nested variables
configure:2205: result: yes
configure:2528: checking that generated files are newer than configure
configure:2534: result: done
configure:2542: creating ./config.status

## ---------------------- ##
## Running config.status. ##
## ---------------------- ##

This file was extended by util-macros config.status 1.19.3, which was
generated by GNU Autoconf 2.69.  Invocation command line was

  CONFIG_FILES    = 
  CONFIG_HEADERS  = 
  CONFIG_LINKS    = 
  CONFIG_COMMANDS = 
  $ ./config.status 

on TheDesktopOfZi-Tong

config.status:749: creating xorg-macros.pc
config.status:749: creating Makefile
config.status:749: creating xorg-macros.m4

## ---------------- ##
## Cache variables. ##
## ---------------- ##

ac_cv_env_build_alias_set=
ac_cv_env_build_alias_value=
ac_cv_env_host_alias_set=
ac_cv_env_host_alias_value=
ac_cv_env_target_alias_set=
ac_cv_env_target_alias_value=
ac_cv_path_install='/usr/bin/install -c'
ac_cv_path_mkdir=/usr/bin/mkdir
ac_cv_prog_AWK=mawk
ac_cv_prog_make_make_set=yes
am_cv_make_support_nested_variables=yes

## ----------------- ##
## Output variables. ##
## ----------------- ##

ACLOCAL='${SHELL} /home/zi-tong/Downloads/Building_the_X_Window_System/util-macros-1.19.3/missing aclocal-1.16'
AMTAR='$${TAR-tar}'
AM_BACKSLASH='\'
AM_DEFAULT_V='$(AM_DEFAULT_VERBOSITY)'
AM_DEFAULT_VERBOSITY='1'
AM_V='$(V)'
AUTOCONF='${SHELL} /home/zi-tong/Downloads/Building_the_X_Window_System/util-macros-1.19.3/missing autoconf'
AUTOHEADER='${SHELL} /home/zi-tong/Downloads/Building_the_X_Window_System/util-macros-1.19.3/missing autoheader'
AUTOMAKE='${SHELL} /home/zi-tong/Downloads/Building_the_X_Window_System/util-macros-1.19.3/missing automake-1.16'
AWK='mawk'
CHANGELOG_CMD='((GIT_DIR=$(top_srcdir)/.git git log > $(top_srcdir)/.changelog.tmp) 2>/dev/null && mv $(top_srcdir)/.changelog.tmp $(top_srcdir)/ChangeLog) || (rm -f $(top_srcdir)/.changelog.tmp; test -e $(top_srcdir)/ChangeLog || ( touch $(top_srcdir)/ChangeLog; echo '\''git failed to create ChangeLog: installing empty ChangeLog.'\'' >&2))'
CYGPATH_W='echo'
DEFS='-DPACKAGE_NAME=\"util-macros\" -DPACKAGE_TARNAME=\"util-macros\" -DPACKAGE_VERSION=\"1.19.3\" -DPACKAGE_STRING=\"util-macros\ 1.19.3\" -DPACKAGE_BUGREPORT=\"https://gitlab.freedesktop.org/xorg/util/macros/issues\" -DPACKAGE_URL=\"\" -DPACKAGE=\"util-macros\" -DVERSION=\"1.19.3\" -DPACKAGE_VERSION_MAJOR=1 -DPACKAGE_VERSION_MINOR=19 -DPACKAGE_VERSION_PATCHLEVEL=3'
ECHO_C=''
ECHO_N='-n'
ECHO_T=''
INSTALL_DATA='${INSTALL} -m 644'
INSTALL_PROGRAM='${INSTALL}'
INSTALL_SCRIPT='${INSTALL}'
INSTALL_STRIP_PROGRAM='$(install_sh) -c -s'
LIBOBJS=''
LIBS=''
LTLIBOBJS=''
MAKEINFO='${SHELL} /home/zi-tong/Downloads/Building_the_X_Window_System/util-macros-1.19.3/missing makeinfo'
MKDIR_P='/usr/bin/mkdir -p'
PACKAGE='util-macros'
PACKAGE_BUGREPORT='https://gitlab.freedesktop.org/xorg/util/macros/issues'
PACKAGE_NAME='util-macros'
PACKAGE_STRING='util-macros 1.19.3'
PACKAGE_TARNAME='util-macros'
PACKAGE_URL=''
PACKAGE_VERSION='1.19.3'
PATH_SEPARATOR=':'
SET_MAKE=''
SHELL='/bin/bash'
STRIP=''
VERSION='1.19.3'
am__isrc=''
am__leading_dot='.'
am__tar='$${TAR-tar} chof - "$$tardir"'
am__untar='$${TAR-tar} xf -'
bindir='${exec_prefix}/bin'
build_alias=''
datadir='${datarootdir}'
datarootdir='${prefix}/share'
docdir='${datarootdir}/doc/${PACKAGE_TARNAME}'
dvidir='${docdir}'
exec_prefix='${prefix}'
host_alias=''
htmldir='${docdir}'
includedir='${prefix}/include'
infodir='${datarootdir}/info'
install_sh='${SHELL} /home/zi-tong/Downloads/Building_the_X_Window_System/util-macros-1.19.3/install-sh'
libdir='${exec_prefix}/lib'
libexecdir='${exec_prefix}/libexec'
localedir='${datarootdir}/locale'
localstatedir='${prefix}/var'
mandir='${datarootdir}/man'
mkdir_p='$(MKDIR_P)'
oldincludedir='/usr/include'
pdfdir='${docdir}'
prefix='/usr/local'
program_transform_name='s,x,x,'
psdir='${docdir}'
runstatedir='${localstatedir}/run'
sbindir='${exec_prefix}/sbin'
sharedstatedir='${prefix}/com'
sysconfdir='${prefix}/etc'
target_alias=''

## ----------- ##
## confdefs.h. ##
## ----------- ##

/* confdefs.h */
#define PACKAGE_NAME "util-macros"
#define PACKAGE_TARNAME "util-macros"
#define PACKAGE_VERSION "1.19.3"
#define PACKAGE_STRING "util-macros 1.19.3"
#define PACKAGE_BUGREPORT "https://gitlab.freedesktop.org/xorg/util/macros/issues"
#define PACKAGE_URL ""
#define PACKAGE "util-macros"
#define VERSION "1.19.3"
#define PACKAGE_VERSION_MAJOR 1
#define PACKAGE_VERSION_MINOR 19
#define PACKAGE_VERSION_PATCHLEVEL 3

configure: exit 0
