This file contains any messages produced by compilers while
running configure, to aid debugging if configure makes a mistake.

It was created by GNU Automake configure 1.11.2, which was
generated by GNU Autoconf 2.71.  Invocation command line was

  $ ./configure --prefix=/home/zi-tong/build

## --------- ##
## Platform. ##
## --------- ##

hostname = TheDesktopOfZi-Tong
uname -m = x86_64
uname -r = 5.15.0-60-generic
uname -s = Linux
uname -v = #66-Ubuntu SMP Fri Jan 20 14:29:49 UTC 2023

/usr/bin/uname -p = x86_64
/bin/uname -X     = unknown

/bin/arch              = x86_64
/usr/bin/arch -k       = unknown
/usr/convex/getsysinfo = unknown
/usr/bin/hostinfo      = unknown
/bin/machine           = unknown
/usr/bin/oslevel       = unknown
/bin/universe          = unknown

PATH: /usr/local/sbin/
PATH: /usr/local/bin/
PATH: /usr/sbin/
PATH: /usr/bin/
PATH: /sbin/
PATH: /bin/
PATH: /usr/games/
PATH: /usr/local/games/
PATH: /snap/bin/
PATH: /snap/bin/


## ----------- ##
## Core tests. ##
## ----------- ##

configure:1737: looking for aux files: missing install-sh config.guess config.sub
configure:1750:  trying ./lib/
configure:1779:   ./lib/missing found
configure:1761:   ./lib/install-sh found
configure:1779:   ./lib/config.guess found
configure:1779:   ./lib/config.sub found
configure:1903: checking build system type
configure:1918: result: x86_64-pc-linux-gnu
configure:1971: checking for a BSD-compatible install
configure:2044: result: /usr/bin/install -c
configure:2055: checking whether build environment is sane
configure:2110: result: yes
configure:2269: checking for a race-free mkdir -p
configure:2313: result: /usr/bin/mkdir -p
configure:2320: checking for gawk
configure:2355: result: no
configure:2320: checking for mawk
configure:2341: found /usr/bin/mawk
configure:2352: result: mawk
configure:2363: checking whether make sets $(MAKE)
configure:2386: result: yes
configure:2416: checking whether make supports nested variables
configure:2434: result: yes
configure:2592: checking for perl
configure:2615: found /usr/bin/perl
configure:2627: result: /usr/bin/perl
configure:2639: eval /usr/bin/perl --version

This is perl 5, version 34, subversion 0 (v5.34.0) built for x86_64-linux-gnu-thread-multi
(with 57 registered patches, see perl -V for more detail)

Copyright 1987-2021, Larry Wall

Perl may be copied only under the terms of either the Artistic License or the
GNU General Public License, which may be found in the Perl 5 source kit.

Complete documentation for Perl, including FAQ lists, should be found on
this system using "man perl" or "perldoc perl".  If you have access to the
Internet, point your browser at http://www.perl.org/, the Perl Home Page.

configure:2642: $? = 0
configure:2652: checking whether /usr/bin/perl supports ithreads
configure:2676: result: yes
configure:2688: checking for tex
configure:2723: result: no
configure:2741: checking whether autoconf is installed
configure:2747: eval autoconf --version
autoconf (GNU Autoconf) 2.71
Copyright (C) 2021 Free Software Foundation, Inc.
License GPLv3+/Autoconf: GNU GPL version 3 or later
<https://gnu.org/licenses/gpl.html>, <https://gnu.org/licenses/exceptions.html>
This is free software: you are free to change and redistribute it.
There is NO WARRANTY, to the extent permitted by law.

Written by David J. MacKenzie and Akim Demaille.
configure:2750: $? = 0
configure:2758: result: yes
configure:2765: checking whether autoconf works
configure:2773: cd conftest && eval autoconf -o /dev/null conftest.ac
/usr/share/autoconf/autoconf/trailer.m4:4: warning: AC_OUTPUT was never used
configure:2776: $? = 0
configure:2785: result: yes
configure:2792: checking whether autoconf is recent enough
configure:2800: cd conftest && eval autoconf -o /dev/null conftest.ac
/usr/share/autoconf/autoconf/trailer.m4:4: warning: AC_INIT was never used
/usr/share/autoconf/autoconf/trailer.m4:4: warning: AC_OUTPUT was never used
configure:2803: $? = 0
configure:2812: result: yes
configure:2819: checking whether ln works
configure:2840: result: yes
configure:2855: checking for grep that handles long lines and -e
configure:2919: result: /usr/bin/grep
configure:2924: checking for egrep
configure:2992: result: /usr/bin/grep -E
configure:2997: checking for fgrep
configure:3065: result: /usr/bin/grep -F
configure:3071: checking whether /bin/sh has working 'set -e' with exit trap
configure:3085: result: yes
configure:3242: checking that generated files are newer than configure
configure:3248: result: done
configure:3256: creating ./config.status

## ---------------------- ##
## Running config.status. ##
## ---------------------- ##

This file was extended by GNU Automake config.status 1.11.2, which was
generated by GNU Autoconf 2.71.  Invocation command line was

  CONFIG_FILES    = 
  CONFIG_HEADERS  = 
  CONFIG_LINKS    = 
  CONFIG_COMMANDS = 
  $ ./config.status 

on TheDesktopOfZi-Tong

config.status:779: creating Makefile
config.status:779: creating doc/Makefile
config.status:779: creating lib/Automake/Makefile
config.status:779: creating lib/Automake/tests/Makefile
config.status:779: creating lib/Makefile
config.status:779: creating lib/am/Makefile
config.status:779: creating m4/Makefile
config.status:779: creating tests/Makefile
config.status:779: creating tests/defs
config.status:779: creating tests/aclocal-1.11
config.status:779: creating tests/automake-1.11

## ---------------- ##
## Cache variables. ##
## ---------------- ##

ac_cv_build=x86_64-pc-linux-gnu
ac_cv_env_build_alias_set=
ac_cv_env_build_alias_value=
ac_cv_env_host_alias_set=
ac_cv_env_host_alias_value=
ac_cv_env_target_alias_set=
ac_cv_env_target_alias_value=
ac_cv_path_EGREP='/usr/bin/grep -E'
ac_cv_path_FGREP='/usr/bin/grep -F'
ac_cv_path_GREP=/usr/bin/grep
ac_cv_path_PERL=/usr/bin/perl
ac_cv_path_install='/usr/bin/install -c'
ac_cv_path_mkdir=/usr/bin/mkdir
ac_cv_prog_AWK=mawk
ac_cv_prog_make_make_set=yes
am_cv_autoconf_installed=yes
am_cv_autoconf_version=yes
am_cv_autoconf_works=yes
am_cv_make_support_nested_variables=yes
am_cv_prog_PERL_ithreads=yes
am_cv_prog_ln=ln
am_cv_sh_errexit_works=yes

## ----------------- ##
## Output variables. ##
## ----------------- ##

ACLOCAL='perllibdir="/home/zi-tong/Downloads/Building_the_X_Window_System/automake-1.11.2/lib:./lib" "/home/zi-tong/Downloads/Building_the_X_Window_System/automake-1.11.2/aclocal" --acdir=m4 -I m4'
AMTAR='$${TAR-tar}'
AM_BACKSLASH='\'
AM_DEFAULT_V='$(AM_DEFAULT_VERBOSITY)'
AM_DEFAULT_VERBOSITY='1'
AM_V='$(V)'
APIVERSION='1.11'
AUTOCONF='${SHELL} '\''/home/zi-tong/Downloads/Building_the_X_Window_System/automake-1.11.2/lib/missing'\'' autoconf'
AUTOHEADER='${SHELL} '\''/home/zi-tong/Downloads/Building_the_X_Window_System/automake-1.11.2/lib/missing'\'' autoheader'
AUTOMAKE='perllibdir="/home/zi-tong/Downloads/Building_the_X_Window_System/automake-1.11.2/lib:./lib" "/home/zi-tong/Downloads/Building_the_X_Window_System/automake-1.11.2/automake" --libdir=lib'
AWK='mawk'
CSCOPE='cscope'
CTAGS='ctags'
CYGPATH_W='echo'
DEFS='-DPACKAGE_NAME=\"GNU\ Automake\" -DPACKAGE_TARNAME=\"automake\" -DPACKAGE_VERSION=\"1.11.2\" -DPACKAGE_STRING=\"GNU\ Automake\ 1.11.2\" -DPACKAGE_BUGREPORT=\"bug-automake@gnu.org\" -DPACKAGE_URL=\"https://www.gnu.org/software/automake/\" -DPACKAGE=\"automake\" -DVERSION=\"1.11.2\"'
ECHO_C=''
ECHO_N='-n'
ECHO_T=''
EGREP='/usr/bin/grep -E'
ETAGS='etags'
FGREP='/usr/bin/grep -F'
GREP='/usr/bin/grep'
HELP2MAN='${SHELL} '\''/home/zi-tong/Downloads/Building_the_X_Window_System/automake-1.11.2/lib/missing'\'' help2man'
INSTALL_DATA='${INSTALL} -m 644'
INSTALL_PROGRAM='${INSTALL}'
INSTALL_SCRIPT='${INSTALL}'
INSTALL_STRIP_PROGRAM='$(install_sh) -c -s'
LIBOBJS=''
LIBS=''
LN='ln'
LTLIBOBJS=''
MAKEINFO='${SHELL} '\''/home/zi-tong/Downloads/Building_the_X_Window_System/automake-1.11.2/lib/missing'\'' makeinfo'
MKDIR_P='/usr/bin/mkdir -p'
MODIFICATION_DELAY='2'
PACKAGE='automake'
PACKAGE_BUGREPORT='bug-automake@gnu.org'
PACKAGE_NAME='GNU Automake'
PACKAGE_STRING='GNU Automake 1.11.2'
PACKAGE_TARNAME='automake'
PACKAGE_URL='https://www.gnu.org/software/automake/'
PACKAGE_VERSION='1.11.2'
PATH_SEPARATOR=':'
PERL='/usr/bin/perl'
PERL_THREADS='1'
SET_MAKE=''
SHELL='/bin/bash'
STRIP=''
TEX=''
VERSION='1.11.2'
am_AUTOCONF='autoconf'
am_AUTOHEADER='autoheader'
am_AUTOM4TE='autom4te'
am_AUTORECONF='autoreconf'
am_AUTOUPDATE='autoupdate'
am__isrc=''
am__leading_dot='.'
am__tar='$${TAR-tar} chof - "$$tardir"'
am__untar='$${TAR-tar} xf -'
bindir='${exec_prefix}/bin'
build='x86_64-pc-linux-gnu'
build_alias=''
build_cpu='x86_64'
build_os='linux-gnu'
build_vendor='pc'
datadir='${datarootdir}'
datarootdir='${prefix}/share'
docdir='${datarootdir}/doc/${PACKAGE_TARNAME}'
dvidir='${docdir}'
exec_prefix='${prefix}'
host_alias=''
htmldir='${docdir}'
includedir='${prefix}/include'
infodir='${datarootdir}/info'
install_sh='${SHELL} /home/zi-tong/Downloads/Building_the_X_Window_System/automake-1.11.2/lib/install-sh'
libdir='${exec_prefix}/lib'
libexecdir='${exec_prefix}/libexec'
localedir='${datarootdir}/locale'
localstatedir='${prefix}/var'
mandir='${datarootdir}/man'
mkdir_p='$(MKDIR_P)'
oldincludedir='/usr/include'
pdfdir='${docdir}'
pkgvdatadir='${datadir}/automake-1.11'
prefix='/home/zi-tong/build'
program_transform_name='s,x,x,'
psdir='${docdir}'
runstatedir='${localstatedir}/run'
sbindir='${exec_prefix}/sbin'
sh_errexit_works='yes'
sharedstatedir='${prefix}/com'
sysconfdir='${prefix}/etc'
target_alias=''

## ----------- ##
## confdefs.h. ##
## ----------- ##

/* confdefs.h */
#define PACKAGE_NAME "GNU Automake"
#define PACKAGE_TARNAME "automake"
#define PACKAGE_VERSION "1.11.2"
#define PACKAGE_STRING "GNU Automake 1.11.2"
#define PACKAGE_BUGREPORT "bug-automake@gnu.org"
#define PACKAGE_URL "https://www.gnu.org/software/automake/"
#define PACKAGE "automake"
#define VERSION "1.11.2"

configure: exit 0
